<?xml version="1.0" encoding="UTF-8"?>
<robot generator="Robot 5.0 (Python 3.10.4 on win32)" generated="20220409 02:47:53.447" rpa="false" schemaversion="3">
<suite id="s1" name="Testing" source="C:\Users\dell\PycharmProjects\RPA\Tests\HMS\FunctionalTestSuite\testing.robot">
<test id="s1-t1" name="start" line="5">
<kw name="start testcase">
<kw name="Open Browser" library="SeleniumLibrary">
<arg>http://127.0.0.1:5000/</arg>
<arg>chrome</arg>
<doc>Opens a new browser instance to the optional ``url``.</doc>
<msg timestamp="20220409 02:47:53.654" level="INFO">Opening browser 'chrome' to base url 'http://127.0.0.1:5000/'.</msg>
<status status="PASS" starttime="20220409 02:47:53.653" endtime="20220409 02:47:55.228"/>
</kw>
<kw name="Maximize Browser Window" library="SeleniumLibrary">
<doc>Maximizes current browser window.</doc>
<status status="PASS" starttime="20220409 02:47:55.228" endtime="20220409 02:47:55.352"/>
</kw>
<status status="PASS" starttime="20220409 02:47:53.653" endtime="20220409 02:47:55.352"/>
</kw>
<kw name="Sleep" library="BuiltIn">
<arg>1</arg>
<doc>Pauses the test executed for the given time.</doc>
<msg timestamp="20220409 02:47:56.358" level="INFO">Slept 1 second</msg>
<status status="PASS" starttime="20220409 02:47:55.352" endtime="20220409 02:47:56.358"/>
</kw>
<doc>start</doc>
<tag>start page</tag>
<status status="PASS" starttime="20220409 02:47:53.652" endtime="20220409 02:47:56.360"/>
</test>
<test id="s1-t2" name="admin login" line="12">
<kw name="Sleep" library="BuiltIn">
<arg>1</arg>
<doc>Pauses the test executed for the given time.</doc>
<msg timestamp="20220409 02:47:57.372" level="INFO">Slept 1 second</msg>
<status status="PASS" starttime="20220409 02:47:56.366" endtime="20220409 02:47:57.372"/>
</kw>
<kw name="Input Text" library="SeleniumLibrary">
<arg>name:username</arg>
<arg>admin</arg>
<doc>Types the given ``text`` into the text field identified by ``locator``.</doc>
<msg timestamp="20220409 02:47:57.374" level="INFO">Typing text 'admin' into text field 'name:username'.</msg>
<status status="PASS" starttime="20220409 02:47:57.373" endtime="20220409 02:47:57.483"/>
</kw>
<kw name="Sleep" library="BuiltIn">
<arg>1</arg>
<doc>Pauses the test executed for the given time.</doc>
<msg timestamp="20220409 02:47:58.485" level="INFO">Slept 1 second</msg>
<status status="PASS" starttime="20220409 02:47:57.484" endtime="20220409 02:47:58.485"/>
</kw>
<kw name="Input Text" library="SeleniumLibrary">
<arg>name:password</arg>
<arg>12345</arg>
<doc>Types the given ``text`` into the text field identified by ``locator``.</doc>
<msg timestamp="20220409 02:47:58.486" level="INFO">Typing text '12345' into text field 'name:password'.</msg>
<status status="PASS" starttime="20220409 02:47:58.486" endtime="20220409 02:47:58.563"/>
</kw>
<kw name="Sleep" library="BuiltIn">
<arg>1</arg>
<doc>Pauses the test executed for the given time.</doc>
<msg timestamp="20220409 02:47:59.579" level="INFO">Slept 1 second</msg>
<status status="PASS" starttime="20220409 02:47:58.564" endtime="20220409 02:47:59.579"/>
</kw>
<kw name="Click Button" library="SeleniumLibrary">
<arg>xpath:/html/body/div/div/div/form/table/tbody/tr[3]/td/button</arg>
<doc>Clicks the button identified by ``locator``.</doc>
<msg timestamp="20220409 02:47:59.580" level="INFO">Clicking button 'xpath:/html/body/div/div/div/form/table/tbody/tr[3]/td/button'.</msg>
<status status="PASS" starttime="20220409 02:47:59.580" endtime="20220409 02:47:59.716"/>
</kw>
<kw name="Sleep" library="BuiltIn">
<arg>2</arg>
<doc>Pauses the test executed for the given time.</doc>
<msg timestamp="20220409 02:48:01.726" level="INFO">Slept 2 seconds</msg>
<status status="PASS" starttime="20220409 02:47:59.716" endtime="20220409 02:48:01.726"/>
</kw>
<doc>admin login</doc>
<tag>admin login</tag>
<status status="PASS" starttime="20220409 02:47:56.364" endtime="20220409 02:48:01.727"/>
</test>
<test id="s1-t3" name="adding patient" line="24">
<kw name="Input Text" library="SeleniumLibrary">
<arg>name:name</arg>
<arg>pat6</arg>
<doc>Types the given ``text`` into the text field identified by ``locator``.</doc>
<msg timestamp="20220409 02:48:01.729" level="INFO">Typing text 'pat6' into text field 'name:name'.</msg>
<status status="PASS" starttime="20220409 02:48:01.729" endtime="20220409 02:48:01.816"/>
</kw>
<kw name="Sleep" library="BuiltIn">
<arg>1</arg>
<doc>Pauses the test executed for the given time.</doc>
<msg timestamp="20220409 02:48:02.820" level="INFO">Slept 1 second</msg>
<status status="PASS" starttime="20220409 02:48:01.816" endtime="20220409 02:48:02.820"/>
</kw>
<kw name="Input Text" library="SeleniumLibrary">
<arg>name:mobileno</arg>
<arg>1236547895</arg>
<doc>Types the given ``text`` into the text field identified by ``locator``.</doc>
<msg timestamp="20220409 02:48:02.821" level="INFO">Typing text '1236547895' into text field 'name:mobileno'.</msg>
<status status="PASS" starttime="20220409 02:48:02.821" endtime="20220409 02:48:02.912"/>
</kw>
<kw name="Sleep" library="BuiltIn">
<arg>1</arg>
<doc>Pauses the test executed for the given time.</doc>
<msg timestamp="20220409 02:48:03.924" level="INFO">Slept 1 second</msg>
<status status="PASS" starttime="20220409 02:48:02.913" endtime="20220409 02:48:03.924"/>
</kw>
<kw name="Input Text" library="SeleniumLibrary">
<arg>name:age</arg>
<arg>50</arg>
<doc>Types the given ``text`` into the text field identified by ``locator``.</doc>
<msg timestamp="20220409 02:48:03.925" level="INFO">Typing text '50' into text field 'name:age'.</msg>
<status status="PASS" starttime="20220409 02:48:03.925" endtime="20220409 02:48:03.998"/>
</kw>
<kw name="Sleep" library="BuiltIn">
<arg>1</arg>
<doc>Pauses the test executed for the given time.</doc>
<msg timestamp="20220409 02:48:05.014" level="INFO">Slept 1 second</msg>
<status status="PASS" starttime="20220409 02:48:03.998" endtime="20220409 02:48:05.014"/>
</kw>
<kw name="Input Text" library="SeleniumLibrary">
<arg>name:address</arg>
<arg>qwedrft gyhutr</arg>
<doc>Types the given ``text`` into the text field identified by ``locator``.</doc>
<msg timestamp="20220409 02:48:05.016" level="INFO">Typing text 'qwedrft gyhutr' into text field 'name:address'.</msg>
<status status="PASS" starttime="20220409 02:48:05.015" endtime="20220409 02:48:05.104"/>
</kw>
<kw name="Sleep" library="BuiltIn">
<arg>1</arg>
<doc>Pauses the test executed for the given time.</doc>
<msg timestamp="20220409 02:48:06.107" level="INFO">Slept 1 second</msg>
<status status="PASS" starttime="20220409 02:48:05.105" endtime="20220409 02:48:06.108"/>
</kw>
<kw name="Input Text" library="SeleniumLibrary">
<arg>name:dob</arg>
<arg>25012000</arg>
<doc>Types the given ``text`` into the text field identified by ``locator``.</doc>
<msg timestamp="20220409 02:48:06.110" level="INFO">Typing text '25012000' into text field 'name:dob'.</msg>
<status status="PASS" starttime="20220409 02:48:06.109" endtime="20220409 02:48:06.192"/>
</kw>
<kw name="Sleep" library="BuiltIn">
<arg>1</arg>
<doc>Pauses the test executed for the given time.</doc>
<msg timestamp="20220409 02:48:07.195" level="INFO">Slept 1 second</msg>
<status status="PASS" starttime="20220409 02:48:06.192" endtime="20220409 02:48:07.196"/>
</kw>
<kw name="Input Text" library="SeleniumLibrary">
<arg>name:place</arg>
<arg>delhi</arg>
<doc>Types the given ``text`` into the text field identified by ``locator``.</doc>
<msg timestamp="20220409 02:48:07.198" level="INFO">Typing text 'delhi' into text field 'name:place'.</msg>
<status status="PASS" starttime="20220409 02:48:07.197" endtime="20220409 02:48:07.285"/>
</kw>
<kw name="Sleep" library="BuiltIn">
<arg>1</arg>
<doc>Pauses the test executed for the given time.</doc>
<msg timestamp="20220409 02:48:08.299" level="INFO">Slept 1 second</msg>
<status status="PASS" starttime="20220409 02:48:07.286" endtime="20220409 02:48:08.300"/>
</kw>
<kw name="Input Text" library="SeleniumLibrary">
<arg>name:pincode</arg>
<arg>560080</arg>
<doc>Types the given ``text`` into the text field identified by ``locator``.</doc>
<msg timestamp="20220409 02:48:08.302" level="INFO">Typing text '560080' into text field 'name:pincode'.</msg>
<status status="PASS" starttime="20220409 02:48:08.301" endtime="20220409 02:48:08.400"/>
</kw>
<kw name="Sleep" library="BuiltIn">
<arg>1</arg>
<doc>Pauses the test executed for the given time.</doc>
<msg timestamp="20220409 02:48:09.404" level="INFO">Slept 1 second</msg>
<status status="PASS" starttime="20220409 02:48:08.400" endtime="20220409 02:48:09.404"/>
</kw>
<kw name="Click Button" library="SeleniumLibrary">
<arg>xpath:/html/body/div/div/div/form/table/tbody/tr[8]/td/button</arg>
<doc>Clicks the button identified by ``locator``.</doc>
<msg timestamp="20220409 02:48:09.406" level="INFO">Clicking button 'xpath:/html/body/div/div/div/form/table/tbody/tr[8]/td/button'.</msg>
<status status="PASS" starttime="20220409 02:48:09.405" endtime="20220409 02:48:09.549"/>
</kw>
<kw name="Sleep" library="BuiltIn">
<arg>5</arg>
<doc>Pauses the test executed for the given time.</doc>
<msg timestamp="20220409 02:48:14.564" level="INFO">Slept 5 seconds</msg>
<status status="PASS" starttime="20220409 02:48:09.550" endtime="20220409 02:48:14.564"/>
</kw>
<doc>adding patient</doc>
<tag>add patient</tag>
<status status="PASS" starttime="20220409 02:48:01.728" endtime="20220409 02:48:14.566"/>
</test>
<test id="s1-t4" name="admin search" line="45">
<kw name="Click Element" library="SeleniumLibrary">
<arg>xpath:/html/body/nav/div/div/ul/li[2]/a</arg>
<doc>Click the element identified by ``locator``.</doc>
<msg timestamp="20220409 02:48:14.573" level="INFO">Clicking element 'xpath:/html/body/nav/div/div/ul/li[2]/a'.</msg>
<status status="PASS" starttime="20220409 02:48:14.572" endtime="20220409 02:48:14.675"/>
</kw>
<kw name="Sleep" library="BuiltIn">
<arg>2</arg>
<doc>Pauses the test executed for the given time.</doc>
<msg timestamp="20220409 02:48:16.678" level="INFO">Slept 2 seconds</msg>
<status status="PASS" starttime="20220409 02:48:14.676" endtime="20220409 02:48:16.678"/>
</kw>
<kw name="Input Text" library="SeleniumLibrary">
<arg>name:mobno</arg>
<arg>1236547895</arg>
<doc>Types the given ``text`` into the text field identified by ``locator``.</doc>
<msg timestamp="20220409 02:48:16.681" level="INFO">Typing text '1236547895' into text field 'name:mobno'.</msg>
<status status="PASS" starttime="20220409 02:48:16.680" endtime="20220409 02:48:16.767"/>
</kw>
<kw name="Sleep" library="BuiltIn">
<arg>1</arg>
<doc>Pauses the test executed for the given time.</doc>
<msg timestamp="20220409 02:48:17.782" level="INFO">Slept 1 second</msg>
<status status="PASS" starttime="20220409 02:48:16.768" endtime="20220409 02:48:17.782"/>
</kw>
<kw name="Click Button" library="SeleniumLibrary">
<arg>xpath:/html/body/form/div/div/div/table/tbody/tr[2]/td/button</arg>
<doc>Clicks the button identified by ``locator``.</doc>
<msg timestamp="20220409 02:48:17.785" level="INFO">Clicking button 'xpath:/html/body/form/div/div/div/table/tbody/tr[2]/td/button'.</msg>
<status status="PASS" starttime="20220409 02:48:17.784" endtime="20220409 02:48:17.902"/>
</kw>
<kw name="Sleep" library="BuiltIn">
<arg>5</arg>
<doc>Pauses the test executed for the given time.</doc>
<msg timestamp="20220409 02:48:22.910" level="INFO">Slept 5 seconds</msg>
<status status="PASS" starttime="20220409 02:48:17.903" endtime="20220409 02:48:22.910"/>
</kw>
<kw name="Click Element" library="SeleniumLibrary">
<arg>xpath:/html/body/nav/div/div/ul/li[5]/a</arg>
<doc>Click the element identified by ``locator``.</doc>
<msg timestamp="20220409 02:48:22.912" level="INFO">Clicking element 'xpath:/html/body/nav/div/div/ul/li[5]/a'.</msg>
<status status="PASS" starttime="20220409 02:48:22.912" endtime="20220409 02:48:22.999"/>
</kw>
<doc>admin search</doc>
<tag>admin search</tag>
<status status="PASS" starttime="20220409 02:48:14.570" endtime="20220409 02:48:23.000"/>
</test>
<test id="s1-t5" name="admin edit" line="57">
<kw name="Input Text" library="SeleniumLibrary">
<arg>name:mobileeno</arg>
<arg>1236547895</arg>
<doc>Types the given ``text`` into the text field identified by ``locator``.</doc>
<msg timestamp="20220409 02:48:23.003" level="INFO">Typing text '1236547895' into text field 'name:mobileeno'.</msg>
<status status="PASS" starttime="20220409 02:48:23.002" endtime="20220409 02:48:23.093"/>
</kw>
<kw name="Sleep" library="BuiltIn">
<arg>1</arg>
<doc>Pauses the test executed for the given time.</doc>
<msg timestamp="20220409 02:48:24.105" level="INFO">Slept 1 second</msg>
<status status="PASS" starttime="20220409 02:48:23.093" endtime="20220409 02:48:24.105"/>
</kw>
<kw name="Input Text" library="SeleniumLibrary">
<arg>name:newname</arg>
<arg>name6</arg>
<doc>Types the given ``text`` into the text field identified by ``locator``.</doc>
<msg timestamp="20220409 02:48:24.108" level="INFO">Typing text 'name6' into text field 'name:newname'.</msg>
<status status="PASS" starttime="20220409 02:48:24.107" endtime="20220409 02:48:24.189"/>
</kw>
<kw name="Sleep" library="BuiltIn">
<arg>1</arg>
<doc>Pauses the test executed for the given time.</doc>
<msg timestamp="20220409 02:48:25.192" level="INFO">Slept 1 second</msg>
<status status="PASS" starttime="20220409 02:48:24.190" endtime="20220409 02:48:25.192"/>
</kw>
<kw name="Input Text" library="SeleniumLibrary">
<arg>name:newage</arg>
<arg>60</arg>
<doc>Types the given ``text`` into the text field identified by ``locator``.</doc>
<msg timestamp="20220409 02:48:25.195" level="INFO">Typing text '60' into text field 'name:newage'.</msg>
<status status="PASS" starttime="20220409 02:48:25.194" endtime="20220409 02:48:25.303"/>
</kw>
<kw name="Sleep" library="BuiltIn">
<arg>1</arg>
<doc>Pauses the test executed for the given time.</doc>
<msg timestamp="20220409 02:48:26.306" level="INFO">Slept 1 second</msg>
<status status="PASS" starttime="20220409 02:48:25.304" endtime="20220409 02:48:26.306"/>
</kw>
<kw name="Input Text" library="SeleniumLibrary">
<arg>name:newaddress</arg>
<arg>something2</arg>
<doc>Types the given ``text`` into the text field identified by ``locator``.</doc>
<msg timestamp="20220409 02:48:26.309" level="INFO">Typing text 'something2' into text field 'name:newaddress'.</msg>
<status status="PASS" starttime="20220409 02:48:26.308" endtime="20220409 02:48:26.399"/>
</kw>
<kw name="Sleep" library="BuiltIn">
<arg>1</arg>
<doc>Pauses the test executed for the given time.</doc>
<msg timestamp="20220409 02:48:27.407" level="INFO">Slept 1 second</msg>
<status status="PASS" starttime="20220409 02:48:26.399" endtime="20220409 02:48:27.407"/>
</kw>
<kw name="Input Text" library="SeleniumLibrary">
<arg>name:newplace</arg>
<arg>kerala</arg>
<doc>Types the given ``text`` into the text field identified by ``locator``.</doc>
<msg timestamp="20220409 02:48:27.410" level="INFO">Typing text 'kerala' into text field 'name:newplace'.</msg>
<status status="PASS" starttime="20220409 02:48:27.409" endtime="20220409 02:48:27.497"/>
</kw>
<kw name="Sleep" library="BuiltIn">
<arg>1</arg>
<doc>Pauses the test executed for the given time.</doc>
<msg timestamp="20220409 02:48:28.498" level="INFO">Slept 1 second</msg>
<status status="PASS" starttime="20220409 02:48:27.498" endtime="20220409 02:48:28.498"/>
</kw>
<kw name="Input Text" library="SeleniumLibrary">
<arg>name:newpincode</arg>
<arg>564679</arg>
<doc>Types the given ``text`` into the text field identified by ``locator``.</doc>
<msg timestamp="20220409 02:48:28.501" level="INFO">Typing text '564679' into text field 'name:newpincode'.</msg>
<status status="PASS" starttime="20220409 02:48:28.500" endtime="20220409 02:48:28.606"/>
</kw>
<kw name="Sleep" library="BuiltIn">
<arg>1</arg>
<doc>Pauses the test executed for the given time.</doc>
<msg timestamp="20220409 02:48:29.619" level="INFO">Slept 1 second</msg>
<status status="PASS" starttime="20220409 02:48:28.607" endtime="20220409 02:48:29.620"/>
</kw>
<kw name="Click Button" library="SeleniumLibrary">
<arg>xpath:/html/body/div/div/div/form/table/tbody/tr[7]/td/button</arg>
<doc>Clicks the button identified by ``locator``.</doc>
<msg timestamp="20220409 02:48:29.622" level="INFO">Clicking button 'xpath:/html/body/div/div/div/form/table/tbody/tr[7]/td/button'.</msg>
<status status="PASS" starttime="20220409 02:48:29.621" endtime="20220409 02:48:29.745"/>
</kw>
<kw name="Sleep" library="BuiltIn">
<arg>5</arg>
<doc>Pauses the test executed for the given time.</doc>
<msg timestamp="20220409 02:48:34.749" level="INFO">Slept 5 seconds</msg>
<status status="PASS" starttime="20220409 02:48:29.745" endtime="20220409 02:48:34.749"/>
</kw>
<doc>admin edit</doc>
<tag>admin edit</tag>
<status status="PASS" starttime="20220409 02:48:23.002" endtime="20220409 02:48:34.751"/>
</test>
<test id="s1-t6" name="admin delete" line="75">
<kw name="Click Element" library="SeleniumLibrary">
<arg>xpath:/html/body/nav/div/div/ul/li[4]/a</arg>
<doc>Click the element identified by ``locator``.</doc>
<msg timestamp="20220409 02:48:34.758" level="INFO">Clicking element 'xpath:/html/body/nav/div/div/ul/li[4]/a'.</msg>
<status status="PASS" starttime="20220409 02:48:34.757" endtime="20220409 02:48:34.831"/>
</kw>
<kw name="Sleep" library="BuiltIn">
<arg>1</arg>
<doc>Pauses the test executed for the given time.</doc>
<msg timestamp="20220409 02:48:35.839" level="INFO">Slept 1 second</msg>
<status status="PASS" starttime="20220409 02:48:34.832" endtime="20220409 02:48:35.839"/>
</kw>
<kw name="Input Text" library="SeleniumLibrary">
<arg>name:mobno</arg>
<arg>1236547895</arg>
<doc>Types the given ``text`` into the text field identified by ``locator``.</doc>
<msg timestamp="20220409 02:48:35.840" level="INFO">Typing text '1236547895' into text field 'name:mobno'.</msg>
<status status="PASS" starttime="20220409 02:48:35.840" endtime="20220409 02:48:35.925"/>
</kw>
<kw name="Sleep" library="BuiltIn">
<arg>1</arg>
<doc>Pauses the test executed for the given time.</doc>
<msg timestamp="20220409 02:48:36.927" level="INFO">Slept 1 second</msg>
<status status="PASS" starttime="20220409 02:48:35.926" endtime="20220409 02:48:36.927"/>
</kw>
<kw name="Click Button" library="SeleniumLibrary">
<arg>xpath:/html/body/form/div/div/div/table/tbody/tr[2]/td/button</arg>
<doc>Clicks the button identified by ``locator``.</doc>
<msg timestamp="20220409 02:48:36.929" level="INFO">Clicking button 'xpath:/html/body/form/div/div/div/table/tbody/tr[2]/td/button'.</msg>
<status status="PASS" starttime="20220409 02:48:36.929" endtime="20220409 02:48:37.031"/>
</kw>
<kw name="Sleep" library="BuiltIn">
<arg>5</arg>
<doc>Pauses the test executed for the given time.</doc>
<msg timestamp="20220409 02:48:42.039" level="INFO">Slept 5 seconds</msg>
<status status="PASS" starttime="20220409 02:48:37.031" endtime="20220409 02:48:42.039"/>
</kw>
<doc>admin delete</doc>
<tag>admin delete</tag>
<status status="PASS" starttime="20220409 02:48:34.755" endtime="20220409 02:48:42.040"/>
</test>
<test id="s1-t7" name="logout" line="85">
<kw name="Click Element" library="SeleniumLibrary">
<arg>xpath:/html/body/nav/div/div/ul/li[6]/a</arg>
<doc>Click the element identified by ``locator``.</doc>
<msg timestamp="20220409 02:48:42.046" level="INFO">Clicking element 'xpath:/html/body/nav/div/div/ul/li[6]/a'.</msg>
<status status="PASS" starttime="20220409 02:48:42.046" endtime="20220409 02:48:42.125"/>
</kw>
<kw name="Sleep" library="BuiltIn">
<arg>5</arg>
<doc>Pauses the test executed for the given time.</doc>
<msg timestamp="20220409 02:48:47.133" level="INFO">Slept 5 seconds</msg>
<status status="PASS" starttime="20220409 02:48:42.126" endtime="20220409 02:48:47.133"/>
</kw>
<kw name="stop testcase">
<kw name="Close Browser" library="SeleniumLibrary">
<doc>Closes the current browser.</doc>
<status status="PASS" starttime="20220409 02:48:47.134" endtime="20220409 02:48:49.292"/>
</kw>
<status status="PASS" starttime="20220409 02:48:47.134" endtime="20220409 02:48:49.292"/>
</kw>
<doc>logout</doc>
<tag>logout</tag>
<status status="PASS" starttime="20220409 02:48:42.045" endtime="20220409 02:48:49.293"/>
</test>
<status status="PASS" starttime="20220409 02:47:53.448" endtime="20220409 02:48:49.299"/>
</suite>
<statistics>
<total>
<stat pass="7" fail="0" skip="0">All Tests</stat>
</total>
<tag>
<stat pass="1" fail="0" skip="0">add patient</stat>
<stat pass="1" fail="0" skip="0">admin delete</stat>
<stat pass="1" fail="0" skip="0">admin edit</stat>
<stat pass="1" fail="0" skip="0">admin login</stat>
<stat pass="1" fail="0" skip="0">admin search</stat>
<stat pass="1" fail="0" skip="0">logout</stat>
<stat pass="1" fail="0" skip="0">start page</stat>
</tag>
<suite>
<stat pass="7" fail="0" skip="0" id="s1" name="Testing">Testing</stat>
</suite>
</statistics>
<errors>
</errors>
</robot>
